<?xml version="1.0" encoding="UTF-8"?>
<testng-results ignored="0" total="1" passed="1" failed="0" skipped="0">
  <reporter-output>
  </reporter-output>
  <suite started-at="2020-01-13T02:58:35Z" name="Default suite" finished-at="2020-01-13T02:59:13Z" duration-ms="38211">
    <groups>
    </groups>
    <test started-at="2020-01-13T02:58:35Z" name="Default test" finished-at="2020-01-13T02:59:13Z" duration-ms="38211">
      <class name="com.training.sanity.tests.ResetPasswords">
        <test-method is-config="true" signature="setUpBeforeClass()[pri:0, instance:com.training.sanity.tests.ResetPasswords@5ef60048]" started-at="2020-01-12T21:58:35Z" name="setUpBeforeClass" finished-at="2020-01-12T21:58:35Z" duration-ms="6" status="PASS">
          <reporter-output>
          </reporter-output>
        </test-method> <!-- setUpBeforeClass -->
        <test-method is-config="true" signature="setUp()[pri:0, instance:com.training.sanity.tests.ResetPasswords@5ef60048]" started-at="2020-01-12T21:58:35Z" name="setUp" finished-at="2020-01-12T21:59:05Z" duration-ms="30159" status="PASS">
          <reporter-output>
          </reporter-output>
        </test-method> <!-- setUp -->
        <test-method signature="RestPassword()[pri:0, instance:com.training.sanity.tests.ResetPasswords@5ef60048]" started-at="2020-01-12T21:59:05Z" name="RestPassword" finished-at="2020-01-12T21:59:11Z" duration-ms="5768" status="PASS">
          <reporter-output>
          </reporter-output>
        </test-method> <!-- RestPassword -->
        <test-method is-config="true" signature="tearDown()[pri:0, instance:com.training.sanity.tests.ResetPasswords@5ef60048]" started-at="2020-01-12T21:59:11Z" name="tearDown" finished-at="2020-01-12T21:59:13Z" duration-ms="2266" status="PASS">
          <reporter-output>
          </reporter-output>
        </test-method> <!-- tearDown -->
      </class> <!-- com.training.sanity.tests.ResetPasswords -->
    </test> <!-- Default test -->
  </suite> <!-- Default suite -->
</testng-results>
