<?xml version="1.0" encoding="UTF-8"?>
<testng-results ignored="0" total="1" passed="1" failed="0" skipped="0">
  <reporter-output>
  </reporter-output>
  <suite started-at="2020-01-07T03:52:14Z" name="Default suite" finished-at="2020-01-07T03:52:32Z" duration-ms="18308">
    <groups>
    </groups>
    <test started-at="2020-01-07T03:52:14Z" name="Default test" finished-at="2020-01-07T03:52:32Z" duration-ms="18308">
      <class name="com.training.sanity.tests.LoginTests">
        <test-method is-config="true" signature="setUpBeforeClass()[pri:0, instance:com.training.sanity.tests.LoginTests@5ef60048]" started-at="2020-01-06T22:52:14Z" name="setUpBeforeClass" finished-at="2020-01-06T22:52:14Z" duration-ms="5" status="PASS">
          <reporter-output>
          </reporter-output>
        </test-method> <!-- setUpBeforeClass -->
        <test-method is-config="true" signature="setUp()[pri:0, instance:com.training.sanity.tests.LoginTests@5ef60048]" started-at="2020-01-06T22:52:14Z" name="setUp" finished-at="2020-01-06T22:52:22Z" duration-ms="8289" status="PASS">
          <reporter-output>
          </reporter-output>
        </test-method> <!-- setUp -->
        <test-method signature="validLoginTest()[pri:0, instance:com.training.sanity.tests.LoginTests@5ef60048]" started-at="2020-01-06T22:52:22Z" name="validLoginTest" finished-at="2020-01-06T22:52:30Z" duration-ms="7807" status="PASS">
          <reporter-output>
          </reporter-output>
        </test-method> <!-- validLoginTest -->
        <test-method is-config="true" signature="tearDown()[pri:0, instance:com.training.sanity.tests.LoginTests@5ef60048]" started-at="2020-01-06T22:52:30Z" name="tearDown" finished-at="2020-01-06T22:52:32Z" duration-ms="2197" status="PASS">
          <reporter-output>
          </reporter-output>
        </test-method> <!-- tearDown -->
      </class> <!-- com.training.sanity.tests.LoginTests -->
    </test> <!-- Default test -->
  </suite> <!-- Default suite -->
</testng-results>
